<?xml version="1.0" encoding="UTF-8"?>
<testsuite name="GeneratorBodyTest" tests="1" skipped="0" failures="0" errors="0" timestamp="2020-09-10T17:01:08" hostname="JASONPC" time="0.001">
  <properties/>
  <testcase name="findPrimesInverseRange" classname="GeneratorBodyTest" time="0.001"/>
  <system-out><![CDATA[]]></system-out>
  <system-err><![CDATA[]]></system-err>
</testsuite>
